[0.012s] Invoking command in '/home/sam/learning/src/build/my_package': CMAKE_PREFIX_PATH=/opt/ros/iron /usr/bin/cmake /home/sam/learning/src/my_package -DAMENT_CMAKE_SYMLINK_INSTALL=1 -DCMAKE_INSTALL_PREFIX=/home/sam/learning/src/install/my_package
[0.104s] -- The C compiler identification is GNU 11.4.0
[0.194s] -- The CXX compiler identification is GNU 11.4.0
[0.205s] -- Detecting C compiler ABI info
[0.279s] -- Detecting C compiler ABI info - done
[0.287s] -- Check for working C compiler: /usr/bin/cc - skipped
[0.287s] -- Detecting C compile features
[0.288s] -- Detecting C compile features - done
[0.291s] -- Detecting CXX compiler ABI info
[0.372s] -- Detecting CXX compiler ABI info - done
[0.380s] -- Check for working CXX compiler: /usr/bin/c++ - skipped
[0.380s] -- Detecting CXX compile features
[0.381s] -- Detecting CXX compile features - done
[0.387s] -- Found ament_cmake: 2.0.3 (/opt/ros/iron/share/ament_cmake/cmake)
[0.570s] -- Found Python3: /usr/bin/python3.10 (found version "3.10.12") found components: Interpreter 
[0.641s] -- Override CMake install command with custom implementation using symlinks instead of copying resources
[0.677s] -- Found ament_lint_auto: 0.14.1 (/opt/ros/iron/share/ament_lint_auto/cmake)
[0.765s] -- Added test 'flake8' to check Python code syntax and style conventions
[0.765s] -- Configured 'flake8' exclude dirs and/or files: 
[0.766s] -- Added test 'lint_cmake' to check CMake code style
[0.766s] -- Added test 'pep257' to check Python code against some of the docstring style conventions in PEP 257
[0.767s] -- Added test 'xmllint' to check XML markup files
[0.769s] -- Configuring done
[0.773s] -- Generating done
[0.773s] -- Build files have been written to: /home/sam/learning/src/build/my_package
[0.778s] Invoked command in '/home/sam/learning/src/build/my_package' returned '0': CMAKE_PREFIX_PATH=/opt/ros/iron /usr/bin/cmake /home/sam/learning/src/my_package -DAMENT_CMAKE_SYMLINK_INSTALL=1 -DCMAKE_INSTALL_PREFIX=/home/sam/learning/src/install/my_package
[0.780s] Invoking command in '/home/sam/learning/src/build/my_package': CMAKE_PREFIX_PATH=/opt/ros/iron /usr/bin/cmake --build /home/sam/learning/src/build/my_package -- -j8 -l8
[0.818s] Invoked command in '/home/sam/learning/src/build/my_package' returned '0': CMAKE_PREFIX_PATH=/opt/ros/iron /usr/bin/cmake --build /home/sam/learning/src/build/my_package -- -j8 -l8
[0.851s] Invoking command in '/home/sam/learning/src/build/my_package': CMAKE_PREFIX_PATH=/opt/ros/iron /usr/bin/cmake --install /home/sam/learning/src/build/my_package
[0.859s] -- Install configuration: ""
[0.859s] -- Execute custom install script
[0.859s] -- Symlinking: /home/sam/learning/src/install/my_package/share/my_package/launch/listener.launch.py
[0.868s] -- Symlinking: /home/sam/learning/src/install/my_package/share/my_package/launch/talker.launch.py
[0.877s] -- Symlinking: /home/sam/learning/src/install/my_package/share/ament_index/resource_index/package_run_dependencies/my_package
[0.886s] -- Symlinking: /home/sam/learning/src/install/my_package/share/ament_index/resource_index/parent_prefix_path/my_package
[0.894s] -- Symlinking: /home/sam/learning/src/install/my_package/share/my_package/environment/ament_prefix_path.sh
[0.903s] -- Symlinking: /home/sam/learning/src/install/my_package/share/my_package/environment/ament_prefix_path.dsv
[0.912s] -- Symlinking: /home/sam/learning/src/install/my_package/share/my_package/environment/path.sh
[0.921s] -- Symlinking: /home/sam/learning/src/install/my_package/share/my_package/environment/path.dsv
[0.932s] -- Symlinking: /home/sam/learning/src/install/my_package/share/my_package/local_setup.bash
[0.944s] -- Symlinking: /home/sam/learning/src/install/my_package/share/my_package/local_setup.sh
[0.954s] -- Symlinking: /home/sam/learning/src/install/my_package/share/my_package/local_setup.zsh
[0.964s] -- Symlinking: /home/sam/learning/src/install/my_package/share/my_package/local_setup.dsv
[0.974s] -- Symlinking: /home/sam/learning/src/install/my_package/share/my_package/package.dsv
[0.985s] -- Symlinking: /home/sam/learning/src/install/my_package/share/ament_index/resource_index/packages/my_package
[0.995s] -- Symlinking: /home/sam/learning/src/install/my_package/share/my_package/cmake/my_packageConfig.cmake
[1.005s] -- Symlinking: /home/sam/learning/src/install/my_package/share/my_package/cmake/my_packageConfig-version.cmake
[1.016s] -- Symlinking: /home/sam/learning/src/install/my_package/share/my_package/package.xml
[1.030s] Invoked command in '/home/sam/learning/src/build/my_package' returned '0': CMAKE_PREFIX_PATH=/opt/ros/iron /usr/bin/cmake --install /home/sam/learning/src/build/my_package
